<?xml version="1.0" encoding="UTF-8"?>
<!-- Generated by org.testng.reporters.JUnitReportReporter -->
<testsuite hostname="Charles" name="testFrameWork.loginGmail" tests="1" failures="0" timestamp="4 Aug 2016 01:45:44 GMT" time="0.005" errors="0">
  <testcase name="test2" time="0.005" classname="testFrameWork.loginGmail"/>
</testsuite> <!-- testFrameWork.loginGmail -->
