<?xml version="1.0" encoding="UTF-8"?>
<!-- Generated by org.testng.reporters.JUnitReportReporter -->
<testsuite hostname="Charles" name="testFrameWork.loginGmail" tests="1" failures="0" timestamp="4 Aug 2016 09:08:58 GMT" time="5.360" errors="0">
  <testcase name="test2" time="5.360" classname="testFrameWork.loginGmail"/>
</testsuite> <!-- testFrameWork.loginGmail -->
