<?xml version="1.0" encoding="UTF-8"?>
<!-- Generated by org.testng.reporters.JUnitReportReporter -->
<testsuite hostname="Charles" name="testFrameWork.loginGmail" tests="1" failures="0" timestamp="4 Aug 2016 03:38:28 GMT" time="1.366" errors="0">
  <testcase name="test2" time="1.366" classname="testFrameWork.loginGmail"/>
</testsuite> <!-- testFrameWork.loginGmail -->
